This is pdfTeX, Version 3.1415926-2.4-1.40.13 (TeX Live 2012/W32TeX) (format=latex 2013.3.9)  24 APR 2015 01:54
entering extended mode
 restricted \write18 enabled.
 %&-line parsing enabled.
**methods
(./methods.tex
LaTeX2e <2011/06/27>
Babel <v3.8m> and hyphenation patterns for english, dumylang, nohyphenation, ge
rman-x-2012-05-30, ngerman-x-2012-05-30, afrikaans, ancientgreek, ibycus, arabi
c, armenian, basque, bulgarian, catalan, pinyin, coptic, croatian, czech, danis
h, dutch, ukenglish, usenglishmax, esperanto, estonian, ethiopic, farsi, finnis
h, french, friulan, galician, german, ngerman, swissgerman, monogreek, greek, h
ungarian, icelandic, assamese, bengali, gujarati, hindi, kannada, malayalam, ma
rathi, oriya, panjabi, tamil, telugu, indonesian, interlingua, irish, italian, 
kurmanji, latin, latvian, lithuanian, mongolian, mongolianlmc, bokmal, nynorsk,
 piedmontese, polish, portuguese, romanian, romansh, russian, sanskrit, serbian
, serbianc, slovak, slovenian, spanish, swedish, turkish, turkmen, ukrainian, u
ppersorbian, welsh, loaded.
! Undefined control sequence.
l.12 \subsection
                {Problem definition}\label{ss:problem_definition}
? 
! Emergency stop.
l.12 \subsection
                {Problem definition}\label{ss:problem_definition}
End of file on the terminal!

 
Here is how much of TeX's memory you used:
 15 strings out of 493482
 153 string characters out of 3134983
 49445 words of memory out of 3000000
 3423 multiletter control sequences out of 15000+200000
 3640 words of font info for 14 fonts, out of 3000000 for 9000
 957 hyphenation exceptions out of 8191
 7i,0n,6p,70b,8s stack positions out of 5000i,500n,10000p,200000b,50000s
No pages of output.
